2023-08-06 04:13:14.654331 - Initialized conversion of CBT465
2023-08-06 04:13:15.055092 - Received CBT.V505.FILE465.PDS from FILE465.XMI 
2023-08-06 04:13:15.057620 - Found $$$#DATE.txt (text/plain) in CBT.V505.FILE465.PDS, moved to PDS/$$$#DATE
2023-08-06 04:13:15.058597 - Found #CONTENT.txt (text/plain) in CBT.V505.FILE465.PDS, moved to PDS/#CONTENT
2023-08-06 04:13:15.059545 - Found #EDITMAC.txt (text/plain) in CBT.V505.FILE465.PDS, moved to PDS/#EDITMAC
2023-08-06 04:13:15.060477 - Found #MODS.txt (text/plain) in CBT.V505.FILE465.PDS, moved to PDS/#MODS
2023-08-06 04:13:15.061350 - Found #UPDATES.txt (text/plain) in CBT.V505.FILE465.PDS, moved to PDS/#UPDATES
2023-08-06 04:13:15.062390 - Found @FILE465.txt (text/plain) in CBT.V505.FILE465.PDS, moved to PDS/@FILE465
2023-08-06 04:13:15.063471 - Found BR.txt (text/plain) in CBT.V505.FILE465.PDS, moved to PDS/BR
2023-08-06 04:13:15.064393 - Found BR@.jcl (text/plain) in CBT.V505.FILE465.PDS, moved to PDS/BR@
2023-08-06 04:13:15.065365 - Found BREAKSE@.jcl (text/plain) in CBT.V505.FILE465.PDS, moved to PDS/BREAKSE@
2023-08-06 04:13:15.066271 - Found BREAKSET.txt (text/plain) in CBT.V505.FILE465.PDS, moved to PDS/BREAKSET
2023-08-06 04:13:15.067181 - Found BRLAST.txt (text/plain) in CBT.V505.FILE465.PDS, moved to PDS/BRLAST
2023-08-06 04:13:15.068072 - Found COMMAND@.jcl (text/plain) in CBT.V505.FILE465.PDS, moved to PDS/COMMAND@
2023-08-06 04:13:15.069007 - Found COMMANDS.txt (text/plain) in CBT.V505.FILE465.PDS, moved to PDS/COMMANDS
2023-08-06 04:13:15.070025 - Found DFT.txt (text/plain) in CBT.V505.FILE465.PDS, moved to PDS/DFT
2023-08-06 04:13:15.070945 - Found DFT@.jcl (text/plain) in CBT.V505.FILE465.PDS, moved to PDS/DFT@
2023-08-06 04:13:15.071821 - Found DSINDEX.txt (text/plain) in CBT.V505.FILE465.PDS, moved to PDS/DSINDEX
2023-08-06 04:13:15.072670 - Found DSINDEX@.jcl (text/plain) in CBT.V505.FILE465.PDS, moved to PDS/DSINDEX@
2023-08-06 04:13:15.073522 - Found DSM.txt (text/plain) in CBT.V505.FILE465.PDS, moved to PDS/DSM
2023-08-06 04:13:15.074422 - Found DSM@.jcl (text/plain) in CBT.V505.FILE465.PDS, moved to PDS/DSM@
2023-08-06 04:13:15.075312 - Found DSNINFO.txt (text/plain) in CBT.V505.FILE465.PDS, moved to PDS/DSNINFO
2023-08-06 04:13:15.076351 - Found DSNINFO@.jcl (text/plain) in CBT.V505.FILE465.PDS, moved to PDS/DSNINFO@
2023-08-06 04:13:15.077254 - Found ED.txt (text/plain) in CBT.V505.FILE465.PDS, moved to PDS/ED
2023-08-06 04:13:15.078091 - Found ED@.jcl (text/plain) in CBT.V505.FILE465.PDS, moved to PDS/ED@
2023-08-06 04:13:15.078905 - Found EDITLIS@.jcl (text/plain) in CBT.V505.FILE465.PDS, moved to PDS/EDITLIS@
2023-08-06 04:13:15.079725 - Found EDITLIST.txt (text/plain) in CBT.V505.FILE465.PDS, moved to PDS/EDITLIST
2023-08-06 04:13:15.080526 - Found EDLAST.txt (text/plain) in CBT.V505.FILE465.PDS, moved to PDS/EDLAST
2023-08-06 04:13:15.081373 - Found EDREC.txt (text/plain) in CBT.V505.FILE465.PDS, moved to PDS/EDREC
2023-08-06 04:13:15.082374 - Found EDREC@.jcl (text/plain) in CBT.V505.FILE465.PDS, moved to PDS/EDREC@
2023-08-06 04:13:15.083309 - Found EDRECD.txt (text/plain) in CBT.V505.FILE465.PDS, moved to PDS/EDRECD
2023-08-06 04:13:15.084110 - Found GETTABL.txt (text/plain) in CBT.V505.FILE465.PDS, moved to PDS/GETTABL
2023-08-06 04:13:15.084959 - Found GETTABL@.jcl (text/plain) in CBT.V505.FILE465.PDS, moved to PDS/GETTABL@
2023-08-06 04:13:15.085903 - Found HOLD.txt (text/plain) in CBT.V505.FILE465.PDS, moved to PDS/HOLD
2023-08-06 04:13:15.086880 - Found JOBLIST.txt (text/plain) in CBT.V505.FILE465.PDS, moved to PDS/JOBLIST
2023-08-06 04:13:15.087741 - Found JOBLIST@.jcl (text/plain) in CBT.V505.FILE465.PDS, moved to PDS/JOBLIST@
2023-08-06 04:13:15.088564 - Found KBR.txt (text/plain) in CBT.V505.FILE465.PDS, moved to PDS/KBR
2023-08-06 04:13:15.089429 - Found KBR@.jcl (text/plain) in CBT.V505.FILE465.PDS, moved to PDS/KBR@
2023-08-06 04:13:15.090442 - Found KDDN.txt (text/plain) in CBT.V505.FILE465.PDS, moved to PDS/KDDN
2023-08-06 04:13:15.091360 - Found KDDN@.jcl (text/plain) in CBT.V505.FILE465.PDS, moved to PDS/KDDN@
2023-08-06 04:13:15.092341 - Found KDSN.txt (text/plain) in CBT.V505.FILE465.PDS, moved to PDS/KDSN
2023-08-06 04:13:15.093236 - Found KDSN@.jcl (text/plain) in CBT.V505.FILE465.PDS, moved to PDS/KDSN@
2023-08-06 04:13:15.094105 - Found KED.txt (text/plain) in CBT.V505.FILE465.PDS, moved to PDS/KED
2023-08-06 04:13:15.094911 - Found KED@.jcl (text/plain) in CBT.V505.FILE465.PDS, moved to PDS/KED@
2023-08-06 04:13:15.095861 - Found KLIB.txt (text/plain) in CBT.V505.FILE465.PDS, moved to PDS/KLIB
2023-08-06 04:13:15.096734 - Found KLIB@.jcl (text/plain) in CBT.V505.FILE465.PDS, moved to PDS/KLIB@
2023-08-06 04:13:15.097678 - Found LISTA.txt (text/plain) in CBT.V505.FILE465.PDS, moved to PDS/LISTA
2023-08-06 04:13:15.098529 - Found LISTA@.jcl (text/plain) in CBT.V505.FILE465.PDS, moved to PDS/LISTA@
2023-08-06 04:13:15.099404 - Found LOGMSG.txt (text/plain) in CBT.V505.FILE465.PDS, moved to PDS/LOGMSG
2023-08-06 04:13:15.100269 - Found LOGMSG@.jcl (text/plain) in CBT.V505.FILE465.PDS, moved to PDS/LOGMSG@
2023-08-06 04:13:15.101139 - Found LSPACE.txt (text/plain) in CBT.V505.FILE465.PDS, moved to PDS/LSPACE
2023-08-06 04:13:15.102052 - Found LSPACE@.jcl (text/plain) in CBT.V505.FILE465.PDS, moved to PDS/LSPACE@
2023-08-06 04:13:15.102884 - Found MENU.txt (text/plain) in CBT.V505.FILE465.PDS, moved to PDS/MENU
2023-08-06 04:13:15.103686 - Found NETTRAK.txt (text/plain) in CBT.V505.FILE465.PDS, moved to PDS/NETTRAK
2023-08-06 04:13:15.104493 - Found NETTRAK@.jcl (text/plain) in CBT.V505.FILE465.PDS, moved to PDS/NETTRAK@
2023-08-06 04:13:15.105355 - Found NEWMSGS.txt (text/plain) in CBT.V505.FILE465.PDS, moved to PDS/NEWMSGS
2023-08-06 04:13:15.106471 - Found NEWMSGS@.jcl (text/plain) in CBT.V505.FILE465.PDS, moved to PDS/NEWMSGS@
2023-08-06 04:13:15.107405 - Found PDSXREF.txt (text/plain) in CBT.V505.FILE465.PDS, moved to PDS/PDSXREF
2023-08-06 04:13:15.108230 - Found PDSXREF@.jcl (text/plain) in CBT.V505.FILE465.PDS, moved to PDS/PDSXREF@
2023-08-06 04:13:15.109077 - Found PFKINIT.txt (text/plain) in CBT.V505.FILE465.PDS, moved to PDS/PFKINIT
2023-08-06 04:13:15.109992 - Found PFKINIT@.jcl (text/plain) in CBT.V505.FILE465.PDS, moved to PDS/PFKINIT@
2023-08-06 04:13:15.110981 - Found RECALL.txt (text/plain) in CBT.V505.FILE465.PDS, moved to PDS/RECALL
2023-08-06 04:13:15.111891 - Found RETTABL.txt (text/plain) in CBT.V505.FILE465.PDS, moved to PDS/RETTABL
2023-08-06 04:13:15.112846 - Found RETTABL@.jcl (text/plain) in CBT.V505.FILE465.PDS, moved to PDS/RETTABL@
2023-08-06 04:13:15.113873 - Found TRMLOCK.txt (text/plain) in CBT.V505.FILE465.PDS, moved to PDS/TRMLOCK
2023-08-06 04:13:15.114752 - Found TRMLOCK@.jcl (text/plain) in CBT.V505.FILE465.PDS, moved to PDS/TRMLOCK@
2023-08-06 04:13:15.115592 - Found TSO.txt (text/plain) in CBT.V505.FILE465.PDS, moved to PDS/TSO
2023-08-06 04:13:15.116536 - Found TSO@.jcl (text/plain) in CBT.V505.FILE465.PDS, moved to PDS/TSO@
2023-08-06 04:13:15.117497 - Found TSOCMD.txt (text/plain) in CBT.V505.FILE465.PDS, moved to PDS/TSOCMD
2023-08-06 04:13:15.118400 - Found TSOCMD@.jcl (text/plain) in CBT.V505.FILE465.PDS, moved to PDS/TSOCMD@
2023-08-06 04:13:15.119402 - Found TSOHELP.txt (text/plain) in CBT.V505.FILE465.PDS, moved to PDS/TSOHELP
2023-08-06 04:13:15.120309 - Found TSOHELP@.jcl (text/plain) in CBT.V505.FILE465.PDS, moved to PDS/TSOHELP@
2023-08-06 04:13:15.121178 - Found TSOJCL.txt (text/plain) in CBT.V505.FILE465.PDS, moved to PDS/TSOJCL
2023-08-06 04:13:15.122124 - Found TUTPRIN@.jcl (text/plain) in CBT.V505.FILE465.PDS, moved to PDS/TUTPRIN@
2023-08-06 04:13:15.123022 - Found TUTPRINT.txt (text/plain) in CBT.V505.FILE465.PDS, moved to PDS/TUTPRINT
